<?xml version="1.0" encoding="UTF-8"?>
<testng-results skipped="0" failed="0" total="1" passed="1">
  <reporter-output>
  </reporter-output>
  <suite name="Default suite" duration-ms="15643" started-at="2016-05-01T17:44:04Z" finished-at="2016-05-01T17:44:19Z">
    <groups>
    </groups>
    <test name="Default test" duration-ms="15643" started-at="2016-05-01T17:44:04Z" finished-at="2016-05-01T17:44:19Z">
      <class name="testsLogin.LoginIT">
        <test-method status="PASS" signature="setup()[pri:0, instance:testsLogin.LoginIT@272111]" name="setup" is-config="true" duration-ms="10278" started-at="2016-05-01T23:14:04Z" finished-at="2016-05-01T23:14:14Z">
          <reporter-output>
          </reporter-output>
        </test-method> <!-- setup -->
        <test-method status="PASS" signature="test_verify_contacts_and_login()[pri:0, instance:testsLogin.LoginIT@272111]" name="test_verify_contacts_and_login" duration-ms="4492" started-at="2016-05-01T23:14:14Z" finished-at="2016-05-01T23:14:18Z">
          <reporter-output>
          </reporter-output>
        </test-method> <!-- test_verify_contacts_and_login -->
        <test-method status="PASS" signature="cleanUp()[pri:0, instance:testsLogin.LoginIT@272111]" name="cleanUp" is-config="true" duration-ms="854" started-at="2016-05-01T23:14:18Z" finished-at="2016-05-01T23:14:19Z">
          <reporter-output>
          </reporter-output>
        </test-method> <!-- cleanUp -->
      </class> <!-- testsLogin.LoginIT -->
    </test> <!-- Default test -->
  </suite> <!-- Default suite -->
</testng-results>
